[Info  - 05:18:20.598] Using tsserver from: /Applications/Visual Studio Code.app/Contents/Resources/app/extensions/node_modules/typescript/lib
[Info  - 05:18:20.603] <syntax> Forking...
[Info  - 05:18:20.606] <syntax> Starting...
[Info  - 05:18:20.608] <semantic> Forking...
[Info  - 05:18:20.611] <semantic> Starting...
[Info  - 05:32:11.181] Killing TS Server
[Info  - 05:32:11.197] TSServer exited
[Info  - 05:32:11.197] Using tsserver from: /Applications/Visual Studio Code.app/Contents/Resources/app/extensions/node_modules/typescript/lib
[Info  - 05:32:11.200] <syntax> Forking...
[Info  - 05:32:11.202] <syntax> Starting...
[Info  - 05:32:11.204] <semantic> Forking...
[Info  - 05:32:11.206] <semantic> Starting...
[Error  - 05:32:11.501] TSServer exited with code: 1
[Info  - 05:32:11.501] Using tsserver from: /Applications/Visual Studio Code.app/Contents/Resources/app/extensions/node_modules/typescript/lib
[Info  - 05:32:11.503] <syntax> Forking...
[Info  - 05:32:11.505] <syntax> Starting...
[Info  - 05:32:11.507] <semantic> Forking...
[Info  - 05:32:11.509] <semantic> Starting...
[Error  - 05:32:11.792] TSServer exited with code: 1
[Info  - 05:32:11.792] Using tsserver from: /Applications/Visual Studio Code.app/Contents/Resources/app/extensions/node_modules/typescript/lib
[Info  - 05:32:11.795] <syntax> Forking...
[Info  - 05:32:11.797] <syntax> Starting...
[Info  - 05:32:11.798] <semantic> Forking...
[Info  - 05:32:11.800] <semantic> Starting...
[Error  - 05:32:12.91] TSServer exited with code: 1
[Info  - 05:32:12.91] Using tsserver from: /Applications/Visual Studio Code.app/Contents/Resources/app/extensions/node_modules/typescript/lib
[Info  - 05:32:12.94] <syntax> Forking...
[Info  - 05:32:12.96] <syntax> Starting...
[Info  - 05:32:12.98] <semantic> Forking...
[Info  - 05:32:12.101] <semantic> Starting...
[Error  - 05:32:12.401] TSServer exited with code: 1
[Info  - 05:32:12.401] Using tsserver from: /Applications/Visual Studio Code.app/Contents/Resources/app/extensions/node_modules/typescript/lib
[Info  - 05:32:12.403] <syntax> Forking...
[Info  - 05:32:12.405] <syntax> Starting...
[Info  - 05:32:12.406] <semantic> Forking...
[Info  - 05:32:12.409] <semantic> Starting...
[Error  - 05:32:12.693] TSServer exited with code: 1
[Info  - 05:32:14.376] Using tsserver from: /Applications/Visual Studio Code.app/Contents/Resources/app/extensions/node_modules/typescript/lib
[Info  - 05:32:14.378] <syntax> Forking...
[Info  - 05:32:14.381] <syntax> Starting...
[Info  - 05:32:14.383] <semantic> Forking...
[Info  - 05:32:14.386] <semantic> Starting...
[Error  - 05:32:14.683] TSServer exited with code: 1
[Info  - 05:32:14.683] Using tsserver from: /Applications/Visual Studio Code.app/Contents/Resources/app/extensions/node_modules/typescript/lib
[Info  - 05:32:14.686] <syntax> Forking...
[Info  - 05:32:14.688] <syntax> Starting...
[Info  - 05:32:14.689] <semantic> Forking...
[Info  - 05:32:14.692] <semantic> Starting...
[Error  - 05:32:14.996] TSServer exited with code: 1
[Info  - 05:32:14.996] Using tsserver from: /Applications/Visual Studio Code.app/Contents/Resources/app/extensions/node_modules/typescript/lib
[Info  - 05:32:14.998] <syntax> Forking...
[Info  - 05:32:15.1] <syntax> Starting...
[Info  - 05:32:15.2] <semantic> Forking...
[Info  - 05:32:15.5] <semantic> Starting...
[Error  - 05:32:15.307] TSServer exited with code: 1
[Info  - 05:32:15.307] Using tsserver from: /Applications/Visual Studio Code.app/Contents/Resources/app/extensions/node_modules/typescript/lib
[Info  - 05:32:15.309] <syntax> Forking...
[Info  - 05:32:15.313] <syntax> Starting...
[Info  - 05:32:15.314] <semantic> Forking...
[Info  - 05:32:15.316] <semantic> Starting...
[Error  - 05:32:15.604] TSServer exited with code: 1
[Info  - 05:32:15.604] Using tsserver from: /Applications/Visual Studio Code.app/Contents/Resources/app/extensions/node_modules/typescript/lib
[Info  - 05:32:15.606] <syntax> Forking...
[Info  - 05:32:15.609] <syntax> Starting...
[Info  - 05:32:15.610] <semantic> Forking...
[Info  - 05:32:15.613] <semantic> Starting...
[Error  - 05:32:15.891] TSServer exited with code: 1
[Info  - 05:32:15.891] Using tsserver from: /Applications/Visual Studio Code.app/Contents/Resources/app/extensions/node_modules/typescript/lib
[Info  - 05:32:15.894] <syntax> Forking...
[Info  - 05:32:15.897] <syntax> Starting...
[Info  - 05:32:15.898] <semantic> Forking...
[Info  - 05:32:15.900] <semantic> Starting...
[Error  - 05:32:16.190] TSServer exited with code: 1
[Info  - 05:32:16.235] Using tsserver from: /Applications/Visual Studio Code.app/Contents/Resources/app/extensions/node_modules/typescript/lib
[Info  - 05:32:16.237] <syntax> Forking...
[Info  - 05:32:16.240] <syntax> Starting...
[Info  - 05:32:16.243] <semantic> Forking...
[Info  - 05:32:16.246] <semantic> Starting...
[Error  - 05:32:16.534] TSServer exited with code: 1
[Info  - 05:32:16.535] Using tsserver from: /Applications/Visual Studio Code.app/Contents/Resources/app/extensions/node_modules/typescript/lib
[Info  - 05:32:16.536] <syntax> Forking...
[Info  - 05:32:16.539] <syntax> Starting...
[Info  - 05:32:16.540] <semantic> Forking...
[Info  - 05:32:16.543] <semantic> Starting...
[Error  - 05:32:16.839] TSServer exited with code: 1
[Info  - 05:32:16.839] Using tsserver from: /Applications/Visual Studio Code.app/Contents/Resources/app/extensions/node_modules/typescript/lib
[Info  - 05:32:16.842] <syntax> Forking...
[Info  - 05:32:16.844] <syntax> Starting...
[Info  - 05:32:16.845] <semantic> Forking...
[Info  - 05:32:16.847] <semantic> Starting...
[Error  - 05:32:17.122] TSServer exited with code: 1
[Info  - 05:32:17.122] Using tsserver from: /Applications/Visual Studio Code.app/Contents/Resources/app/extensions/node_modules/typescript/lib
[Info  - 05:32:17.124] <syntax> Forking...
[Info  - 05:32:17.126] <syntax> Starting...
[Info  - 05:32:17.127] <semantic> Forking...
[Info  - 05:32:17.131] <semantic> Starting...
[Error  - 05:32:17.418] TSServer exited with code: 1
[Info  - 05:32:17.418] Using tsserver from: /Applications/Visual Studio Code.app/Contents/Resources/app/extensions/node_modules/typescript/lib
[Info  - 05:32:17.420] <syntax> Forking...
[Info  - 05:32:17.424] <syntax> Starting...
[Info  - 05:32:17.426] <semantic> Forking...
[Info  - 05:32:17.429] <semantic> Starting...
[Error  - 05:32:17.719] TSServer exited with code: 1
[Info  - 05:32:17.719] Using tsserver from: /Applications/Visual Studio Code.app/Contents/Resources/app/extensions/node_modules/typescript/lib
[Info  - 05:32:17.721] <syntax> Forking...
[Info  - 05:32:17.724] <syntax> Starting...
[Info  - 05:32:17.725] <semantic> Forking...
[Info  - 05:32:17.728] <semantic> Starting...
[Error  - 05:32:18.5] TSServer exited with code: 1
[Info  - 05:32:18.17] Using tsserver from: /Applications/Visual Studio Code.app/Contents/Resources/app/extensions/node_modules/typescript/lib
[Info  - 05:32:18.19] <syntax> Forking...
[Info  - 05:32:18.23] <syntax> Starting...
[Info  - 05:32:18.25] <semantic> Forking...
[Info  - 05:32:18.27] <semantic> Starting...
[Error  - 05:32:18.321] TSServer exited with code: 1
[Info  - 05:32:18.321] Using tsserver from: /Applications/Visual Studio Code.app/Contents/Resources/app/extensions/node_modules/typescript/lib
[Info  - 05:32:18.323] <syntax> Forking...
[Info  - 05:32:18.326] <syntax> Starting...
[Info  - 05:32:18.327] <semantic> Forking...
[Info  - 05:32:18.330] <semantic> Starting...
[Error  - 05:32:18.625] TSServer exited with code: 1
[Info  - 05:32:18.625] Using tsserver from: /Applications/Visual Studio Code.app/Contents/Resources/app/extensions/node_modules/typescript/lib
[Info  - 05:32:18.627] <syntax> Forking...
[Info  - 05:32:18.629] <syntax> Starting...
[Info  - 05:32:18.630] <semantic> Forking...
[Info  - 05:32:18.633] <semantic> Starting...
[Error  - 05:32:18.929] TSServer exited with code: 1
[Info  - 05:32:18.929] Using tsserver from: /Applications/Visual Studio Code.app/Contents/Resources/app/extensions/node_modules/typescript/lib
[Info  - 05:32:18.931] <syntax> Forking...
[Info  - 05:32:18.933] <syntax> Starting...
[Info  - 05:32:18.934] <semantic> Forking...
[Info  - 05:32:18.937] <semantic> Starting...
[Error  - 05:32:19.241] TSServer exited with code: 1
[Info  - 05:32:19.242] Using tsserver from: /Applications/Visual Studio Code.app/Contents/Resources/app/extensions/node_modules/typescript/lib
[Info  - 05:32:19.243] <syntax> Forking...
[Info  - 05:32:19.246] <syntax> Starting...
[Info  - 05:32:19.247] <semantic> Forking...
[Info  - 05:32:19.249] <semantic> Starting...
[Error  - 05:32:19.528] TSServer exited with code: 1
[Info  - 05:32:19.528] Using tsserver from: /Applications/Visual Studio Code.app/Contents/Resources/app/extensions/node_modules/typescript/lib
[Info  - 05:32:19.530] <syntax> Forking...
[Info  - 05:32:19.532] <syntax> Starting...
[Info  - 05:32:19.534] <semantic> Forking...
[Info  - 05:32:19.537] <semantic> Starting...
[Error  - 05:32:19.837] TSServer exited with code: 1
[Info  - 05:32:19.891] Using tsserver from: /Applications/Visual Studio Code.app/Contents/Resources/app/extensions/node_modules/typescript/lib
[Info  - 05:32:19.893] <syntax> Forking...
[Info  - 05:32:19.896] <syntax> Starting...
[Info  - 05:32:19.898] <semantic> Forking...
[Info  - 05:32:19.901] <semantic> Starting...
[Error  - 05:32:20.204] TSServer exited with code: 1
[Info  - 05:32:20.204] Using tsserver from: /Applications/Visual Studio Code.app/Contents/Resources/app/extensions/node_modules/typescript/lib
[Info  - 05:32:20.206] <syntax> Forking...
[Info  - 05:32:20.210] <syntax> Starting...
[Info  - 05:32:20.212] <semantic> Forking...
[Info  - 05:32:20.215] <semantic> Starting...
[Error  - 05:32:20.505] TSServer exited with code: 1
[Info  - 05:32:20.505] Using tsserver from: /Applications/Visual Studio Code.app/Contents/Resources/app/extensions/node_modules/typescript/lib
[Info  - 05:32:20.508] <syntax> Forking...
[Info  - 05:32:20.511] <syntax> Starting...
[Info  - 05:32:20.512] <semantic> Forking...
[Info  - 05:32:20.515] <semantic> Starting...
[Error  - 05:32:20.811] TSServer exited with code: 1
[Info  - 05:32:20.811] Using tsserver from: /Applications/Visual Studio Code.app/Contents/Resources/app/extensions/node_modules/typescript/lib
[Info  - 05:32:20.813] <syntax> Forking...
[Info  - 05:32:20.815] <syntax> Starting...
[Info  - 05:32:20.817] <semantic> Forking...
[Info  - 05:32:20.819] <semantic> Starting...
[Error  - 05:32:21.104] TSServer exited with code: 1
[Info  - 05:32:21.104] Using tsserver from: /Applications/Visual Studio Code.app/Contents/Resources/app/extensions/node_modules/typescript/lib
[Info  - 05:32:21.106] <syntax> Forking...
[Info  - 05:32:21.109] <syntax> Starting...
[Info  - 05:32:21.109] <semantic> Forking...
[Info  - 05:32:21.112] <semantic> Starting...
[Error  - 05:32:21.393] TSServer exited with code: 1
[Info  - 05:32:21.393] Using tsserver from: /Applications/Visual Studio Code.app/Contents/Resources/app/extensions/node_modules/typescript/lib
[Info  - 05:32:21.395] <syntax> Forking...
[Info  - 05:32:21.397] <syntax> Starting...
[Info  - 05:32:21.399] <semantic> Forking...
[Info  - 05:32:21.401] <semantic> Starting...
[Error  - 05:32:21.681] TSServer exited with code: 1
[Info  - 05:32:21.720] Using tsserver from: /Applications/Visual Studio Code.app/Contents/Resources/app/extensions/node_modules/typescript/lib
[Info  - 05:32:21.724] <syntax> Forking...
[Info  - 05:32:21.727] <syntax> Starting...
[Info  - 05:32:21.728] <semantic> Forking...
[Info  - 05:32:21.731] <semantic> Starting...
[Error  - 05:32:22.11] TSServer exited with code: 1
[Info  - 05:32:22.11] Using tsserver from: /Applications/Visual Studio Code.app/Contents/Resources/app/extensions/node_modules/typescript/lib
[Info  - 05:32:22.13] <syntax> Forking...
[Info  - 05:32:22.15] <syntax> Starting...
[Info  - 05:32:22.16] <semantic> Forking...
[Info  - 05:32:22.18] <semantic> Starting...
[Error  - 05:32:22.301] TSServer exited with code: 1
[Info  - 05:32:22.301] Using tsserver from: /Applications/Visual Studio Code.app/Contents/Resources/app/extensions/node_modules/typescript/lib
[Info  - 05:32:22.303] <syntax> Forking...
[Info  - 05:32:22.306] <syntax> Starting...
[Info  - 05:32:22.307] <semantic> Forking...
[Info  - 05:32:22.310] <semantic> Starting...
[Error  - 05:32:22.588] TSServer exited with code: 1
[Info  - 05:32:22.588] Using tsserver from: /Applications/Visual Studio Code.app/Contents/Resources/app/extensions/node_modules/typescript/lib
[Info  - 05:32:22.590] <syntax> Forking...
[Info  - 05:32:22.592] <syntax> Starting...
[Info  - 05:32:22.593] <semantic> Forking...
[Info  - 05:32:22.596] <semantic> Starting...
[Error  - 05:32:22.884] TSServer exited with code: 1
[Info  - 05:32:22.884] Using tsserver from: /Applications/Visual Studio Code.app/Contents/Resources/app/extensions/node_modules/typescript/lib
[Info  - 05:32:22.886] <syntax> Forking...
[Info  - 05:32:22.888] <syntax> Starting...
[Info  - 05:32:22.889] <semantic> Forking...
[Info  - 05:32:22.893] <semantic> Starting...
[Error  - 05:32:23.193] TSServer exited with code: 1
[Info  - 05:32:23.193] Using tsserver from: /Applications/Visual Studio Code.app/Contents/Resources/app/extensions/node_modules/typescript/lib
[Info  - 05:32:23.195] <syntax> Forking...
[Info  - 05:32:23.198] <syntax> Starting...
[Info  - 05:32:23.199] <semantic> Forking...
[Info  - 05:32:23.201] <semantic> Starting...
[Error  - 05:32:23.496] TSServer exited with code: 1
[Info  - 05:32:23.607] Using tsserver from: /Applications/Visual Studio Code.app/Contents/Resources/app/extensions/node_modules/typescript/lib
[Info  - 05:32:23.610] <syntax> Forking...
[Info  - 05:32:23.614] <syntax> Starting...
[Info  - 05:32:23.615] <semantic> Forking...
[Info  - 05:32:23.618] <semantic> Starting...
[Error  - 05:32:23.918] TSServer exited with code: 1
[Info  - 05:32:23.918] Using tsserver from: /Applications/Visual Studio Code.app/Contents/Resources/app/extensions/node_modules/typescript/lib
[Info  - 05:32:23.920] <syntax> Forking...
[Info  - 05:32:23.923] <syntax> Starting...
[Info  - 05:32:23.924] <semantic> Forking...
[Info  - 05:32:23.927] <semantic> Starting...
[Error  - 05:32:24.223] TSServer exited with code: 1
[Info  - 05:32:24.223] Using tsserver from: /Applications/Visual Studio Code.app/Contents/Resources/app/extensions/node_modules/typescript/lib
[Info  - 05:32:24.225] <syntax> Forking...
[Info  - 05:32:24.228] <syntax> Starting...
[Info  - 05:32:24.229] <semantic> Forking...
[Info  - 05:32:24.232] <semantic> Starting...
[Error  - 05:32:24.513] TSServer exited with code: 1
[Info  - 05:32:24.513] Using tsserver from: /Applications/Visual Studio Code.app/Contents/Resources/app/extensions/node_modules/typescript/lib
[Info  - 05:32:24.515] <syntax> Forking...
[Info  - 05:32:24.517] <syntax> Starting...
[Info  - 05:32:24.518] <semantic> Forking...
[Info  - 05:32:24.521] <semantic> Starting...
[Error  - 05:32:24.800] TSServer exited with code: 1
[Info  - 05:32:24.800] Using tsserver from: /Applications/Visual Studio Code.app/Contents/Resources/app/extensions/node_modules/typescript/lib
[Info  - 05:32:24.803] <syntax> Forking...
[Info  - 05:32:24.805] <syntax> Starting...
[Info  - 05:32:24.807] <semantic> Forking...
[Info  - 05:32:24.810] <semantic> Starting...
[Error  - 05:32:25.85] TSServer exited with code: 1
[Info  - 05:32:25.85] Using tsserver from: /Applications/Visual Studio Code.app/Contents/Resources/app/extensions/node_modules/typescript/lib
[Info  - 05:32:25.87] <syntax> Forking...
[Info  - 05:32:25.90] <syntax> Starting...
[Info  - 05:32:25.91] <semantic> Forking...
[Info  - 05:32:25.94] <semantic> Starting...
[Error  - 05:32:25.389] TSServer exited with code: 1
[Info  - 05:32:25.506] Using tsserver from: /Applications/Visual Studio Code.app/Contents/Resources/app/extensions/node_modules/typescript/lib
[Info  - 05:32:25.508] <syntax> Forking...
[Info  - 05:32:25.511] <syntax> Starting...
[Info  - 05:32:25.512] <semantic> Forking...
[Info  - 05:32:25.515] <semantic> Starting...
[Error  - 05:32:25.824] TSServer exited with code: 1
[Info  - 05:32:25.824] Using tsserver from: /Applications/Visual Studio Code.app/Contents/Resources/app/extensions/node_modules/typescript/lib
[Info  - 05:32:25.826] <syntax> Forking...
[Info  - 05:32:25.829] <syntax> Starting...
[Info  - 05:32:25.830] <semantic> Forking...
[Info  - 05:32:25.833] <semantic> Starting...
[Error  - 05:32:26.139] TSServer exited with code: 1
[Info  - 05:32:26.139] Using tsserver from: /Applications/Visual Studio Code.app/Contents/Resources/app/extensions/node_modules/typescript/lib
[Info  - 05:32:26.142] <syntax> Forking...
[Info  - 05:32:26.147] <syntax> Starting...
[Info  - 05:32:26.148] <semantic> Forking...
[Info  - 05:32:26.151] <semantic> Starting...
[Error  - 05:32:26.444] TSServer exited with code: 1
[Info  - 05:32:26.444] Using tsserver from: /Applications/Visual Studio Code.app/Contents/Resources/app/extensions/node_modules/typescript/lib
[Info  - 05:32:26.447] <syntax> Forking...
[Info  - 05:32:26.449] <syntax> Starting...
[Info  - 05:32:26.450] <semantic> Forking...
[Info  - 05:32:26.453] <semantic> Starting...
[Error  - 05:32:26.742] TSServer exited with code: 1
[Info  - 05:32:26.742] Using tsserver from: /Applications/Visual Studio Code.app/Contents/Resources/app/extensions/node_modules/typescript/lib
[Info  - 05:32:26.744] <syntax> Forking...
[Info  - 05:32:26.746] <syntax> Starting...
[Info  - 05:32:26.747] <semantic> Forking...
[Info  - 05:32:26.751] <semantic> Starting...
[Error  - 05:32:27.37] TSServer exited with code: 1
[Info  - 05:32:27.37] Using tsserver from: /Applications/Visual Studio Code.app/Contents/Resources/app/extensions/node_modules/typescript/lib
[Info  - 05:32:27.39] <syntax> Forking...
[Info  - 05:32:27.42] <syntax> Starting...
[Info  - 05:32:27.43] <semantic> Forking...
[Info  - 05:32:27.46] <semantic> Starting...
[Error  - 05:32:27.327] TSServer exited with code: 1
[Info  - 05:32:27.364] Using tsserver from: /Applications/Visual Studio Code.app/Contents/Resources/app/extensions/node_modules/typescript/lib
[Info  - 05:32:27.367] <syntax> Forking...
[Info  - 05:32:27.370] <syntax> Starting...
[Info  - 05:32:27.371] <semantic> Forking...
[Info  - 05:32:27.374] <semantic> Starting...
[Error  - 05:32:27.673] TSServer exited with code: 1
[Info  - 05:32:27.673] Using tsserver from: /Applications/Visual Studio Code.app/Contents/Resources/app/extensions/node_modules/typescript/lib
[Info  - 05:32:27.675] <syntax> Forking...
[Info  - 05:32:27.678] <syntax> Starting...
[Info  - 05:32:27.679] <semantic> Forking...
[Info  - 05:32:27.682] <semantic> Starting...
[Error  - 05:32:27.972] TSServer exited with code: 1
[Info  - 05:32:27.972] Using tsserver from: /Applications/Visual Studio Code.app/Contents/Resources/app/extensions/node_modules/typescript/lib
[Info  - 05:32:27.975] <syntax> Forking...
[Info  - 05:32:27.978] <syntax> Starting...
[Info  - 05:32:27.980] <semantic> Forking...
[Info  - 05:32:27.983] <semantic> Starting...
[Error  - 05:32:28.284] TSServer exited with code: 1
[Info  - 05:32:28.285] Using tsserver from: /Applications/Visual Studio Code.app/Contents/Resources/app/extensions/node_modules/typescript/lib
[Info  - 05:32:28.286] <syntax> Forking...
[Info  - 05:32:28.289] <syntax> Starting...
[Info  - 05:32:28.291] <semantic> Forking...
[Info  - 05:32:28.295] <semantic> Starting...
[Error  - 05:32:28.581] TSServer exited with code: 1
[Info  - 05:32:28.581] Using tsserver from: /Applications/Visual Studio Code.app/Contents/Resources/app/extensions/node_modules/typescript/lib
[Info  - 05:32:28.583] <syntax> Forking...
[Info  - 05:32:28.587] <syntax> Starting...
[Info  - 05:32:28.588] <semantic> Forking...
[Info  - 05:32:28.591] <semantic> Starting...
[Error  - 05:32:28.867] TSServer exited with code: 1
[Info  - 05:32:28.867] Using tsserver from: /Applications/Visual Studio Code.app/Contents/Resources/app/extensions/node_modules/typescript/lib
[Info  - 05:32:28.869] <syntax> Forking...
[Info  - 05:32:28.871] <syntax> Starting...
[Info  - 05:32:28.873] <semantic> Forking...
[Info  - 05:32:28.875] <semantic> Starting...
[Error  - 05:32:29.150] TSServer exited with code: 1
[Info  - 05:32:29.447] Using tsserver from: /Applications/Visual Studio Code.app/Contents/Resources/app/extensions/node_modules/typescript/lib
[Info  - 05:32:29.449] <syntax> Forking...
[Info  - 05:32:29.452] <syntax> Starting...
[Info  - 05:32:29.453] <semantic> Forking...
[Info  - 05:32:29.456] <semantic> Starting...
[Error  - 05:32:29.758] TSServer exited with code: 1
[Info  - 05:32:29.758] Using tsserver from: /Applications/Visual Studio Code.app/Contents/Resources/app/extensions/node_modules/typescript/lib
[Info  - 05:32:29.760] <syntax> Forking...
[Info  - 05:32:29.762] <syntax> Starting...
[Info  - 05:32:29.763] <semantic> Forking...
[Info  - 05:32:29.766] <semantic> Starting...
[Error  - 05:32:30.95] TSServer exited with code: 1
[Info  - 05:32:30.95] Using tsserver from: /Applications/Visual Studio Code.app/Contents/Resources/app/extensions/node_modules/typescript/lib
[Info  - 05:32:30.97] <syntax> Forking...
[Info  - 05:32:30.99] <syntax> Starting...
[Info  - 05:32:30.100] <semantic> Forking...
[Info  - 05:32:30.103] <semantic> Starting...
[Error  - 05:32:30.410] TSServer exited with code: 1
[Info  - 05:32:30.411] Using tsserver from: /Applications/Visual Studio Code.app/Contents/Resources/app/extensions/node_modules/typescript/lib
[Info  - 05:32:30.412] <syntax> Forking...
[Info  - 05:32:30.415] <syntax> Starting...
[Info  - 05:32:30.416] <semantic> Forking...
[Info  - 05:32:30.418] <semantic> Starting...
[Error  - 05:32:30.728] TSServer exited with code: 1
[Info  - 05:32:30.728] Using tsserver from: /Applications/Visual Studio Code.app/Contents/Resources/app/extensions/node_modules/typescript/lib
[Info  - 05:32:30.730] <syntax> Forking...
[Info  - 05:32:30.732] <syntax> Starting...
[Info  - 05:32:30.733] <semantic> Forking...
[Info  - 05:32:30.736] <semantic> Starting...
[Error  - 05:32:31.24] TSServer exited with code: 1
[Info  - 05:32:31.24] Using tsserver from: /Applications/Visual Studio Code.app/Contents/Resources/app/extensions/node_modules/typescript/lib
[Info  - 05:32:31.26] <syntax> Forking...
[Info  - 05:32:31.29] <syntax> Starting...
[Info  - 05:32:31.29] <semantic> Forking...
[Info  - 05:32:31.32] <semantic> Starting...
[Error  - 05:32:31.320] TSServer exited with code: 1
[Info  - 05:32:31.386] Using tsserver from: /Applications/Visual Studio Code.app/Contents/Resources/app/extensions/node_modules/typescript/lib
[Info  - 05:32:31.388] <syntax> Forking...
[Info  - 05:32:31.391] <syntax> Starting...
[Info  - 05:32:31.393] <semantic> Forking...
[Info  - 05:32:31.396] <semantic> Starting...
[Error  - 05:32:31.682] TSServer exited with code: 1
[Info  - 05:32:31.682] Using tsserver from: /Applications/Visual Studio Code.app/Contents/Resources/app/extensions/node_modules/typescript/lib
[Info  - 05:32:31.684] <syntax> Forking...
[Info  - 05:32:31.686] <syntax> Starting...
[Info  - 05:32:31.687] <semantic> Forking...
[Info  - 05:32:31.691] <semantic> Starting...
[Error  - 05:32:31.985] TSServer exited with code: 1
[Info  - 05:32:31.985] Using tsserver from: /Applications/Visual Studio Code.app/Contents/Resources/app/extensions/node_modules/typescript/lib
[Info  - 05:32:31.987] <syntax> Forking...
[Info  - 05:32:31.991] <syntax> Starting...
[Info  - 05:32:31.992] <semantic> Forking...
[Info  - 05:32:31.995] <semantic> Starting...
[Error  - 05:32:32.302] TSServer exited with code: 1
[Info  - 05:32:32.302] Using tsserver from: /Applications/Visual Studio Code.app/Contents/Resources/app/extensions/node_modules/typescript/lib
[Info  - 05:32:32.304] <syntax> Forking...
[Info  - 05:32:32.308] <syntax> Starting...
[Info  - 05:32:32.310] <semantic> Forking...
[Info  - 05:32:32.312] <semantic> Starting...
[Error  - 05:32:32.600] TSServer exited with code: 1
[Info  - 05:32:32.601] Using tsserver from: /Applications/Visual Studio Code.app/Contents/Resources/app/extensions/node_modules/typescript/lib
[Info  - 05:32:32.602] <syntax> Forking...
[Info  - 05:32:32.605] <syntax> Starting...
[Info  - 05:32:32.606] <semantic> Forking...
[Info  - 05:32:32.609] <semantic> Starting...
[Error  - 05:32:32.907] TSServer exited with code: 1
[Info  - 05:32:32.907] Using tsserver from: /Applications/Visual Studio Code.app/Contents/Resources/app/extensions/node_modules/typescript/lib
[Info  - 05:32:32.910] <syntax> Forking...
[Info  - 05:32:32.913] <syntax> Starting...
[Info  - 05:32:32.914] <semantic> Forking...
[Info  - 05:32:32.917] <semantic> Starting...
[Error  - 05:32:33.221] TSServer exited with code: 1
[Info  - 05:32:33.261] Using tsserver from: /Applications/Visual Studio Code.app/Contents/Resources/app/extensions/node_modules/typescript/lib
[Info  - 05:32:33.263] <syntax> Forking...
[Info  - 05:32:33.266] <syntax> Starting...
[Info  - 05:32:33.267] <semantic> Forking...
[Info  - 05:32:33.270] <semantic> Starting...
[Error  - 05:32:33.563] TSServer exited with code: 1
[Info  - 05:32:33.563] Using tsserver from: /Applications/Visual Studio Code.app/Contents/Resources/app/extensions/node_modules/typescript/lib
[Info  - 05:32:33.565] <syntax> Forking...
[Info  - 05:32:33.567] <syntax> Starting...
[Info  - 05:32:33.568] <semantic> Forking...
[Info  - 05:32:33.570] <semantic> Starting...
[Error  - 05:32:33.850] TSServer exited with code: 1
[Info  - 05:32:33.850] Using tsserver from: /Applications/Visual Studio Code.app/Contents/Resources/app/extensions/node_modules/typescript/lib
[Info  - 05:32:33.852] <syntax> Forking...
[Info  - 05:32:33.855] <syntax> Starting...
[Info  - 05:32:33.856] <semantic> Forking...
[Info  - 05:32:33.859] <semantic> Starting...
[Error  - 05:32:34.139] TSServer exited with code: 1
[Info  - 05:32:34.139] Using tsserver from: /Applications/Visual Studio Code.app/Contents/Resources/app/extensions/node_modules/typescript/lib
[Info  - 05:32:34.141] <syntax> Forking...
[Info  - 05:32:34.144] <syntax> Starting...
[Info  - 05:32:34.146] <semantic> Forking...
[Info  - 05:32:34.149] <semantic> Starting...
[Error  - 05:32:34.441] TSServer exited with code: 1
[Info  - 05:32:34.441] Using tsserver from: /Applications/Visual Studio Code.app/Contents/Resources/app/extensions/node_modules/typescript/lib
[Info  - 05:32:34.444] <syntax> Forking...
[Info  - 05:32:34.447] <syntax> Starting...
[Info  - 05:32:34.448] <semantic> Forking...
[Info  - 05:32:34.450] <semantic> Starting...
[Error  - 05:32:34.737] TSServer exited with code: 1
[Info  - 05:32:34.738] Using tsserver from: /Applications/Visual Studio Code.app/Contents/Resources/app/extensions/node_modules/typescript/lib
[Info  - 05:32:34.740] <syntax> Forking...
[Info  - 05:32:34.743] <syntax> Starting...
[Info  - 05:32:34.744] <semantic> Forking...
[Info  - 05:32:34.747] <semantic> Starting...
[Error  - 05:32:35.45] TSServer exited with code: 1
[Info  - 05:32:35.153] Using tsserver from: /Applications/Visual Studio Code.app/Contents/Resources/app/extensions/node_modules/typescript/lib
[Info  - 05:32:35.156] <syntax> Forking...
[Info  - 05:32:35.160] <syntax> Starting...
[Info  - 05:32:35.161] <semantic> Forking...
[Info  - 05:32:35.164] <semantic> Starting...
[Error  - 05:32:35.454] TSServer exited with code: 1
[Info  - 05:32:35.454] Using tsserver from: /Applications/Visual Studio Code.app/Contents/Resources/app/extensions/node_modules/typescript/lib
[Info  - 05:32:35.457] <syntax> Forking...
[Info  - 05:32:35.459] <syntax> Starting...
[Info  - 05:32:35.460] <semantic> Forking...
[Info  - 05:32:35.463] <semantic> Starting...
[Error  - 05:32:35.747] TSServer exited with code: 1
[Info  - 05:32:35.747] Using tsserver from: /Applications/Visual Studio Code.app/Contents/Resources/app/extensions/node_modules/typescript/lib
[Info  - 05:32:35.749] <syntax> Forking...
[Info  - 05:32:35.751] <syntax> Starting...
[Info  - 05:32:35.752] <semantic> Forking...
[Info  - 05:32:35.755] <semantic> Starting...
[Error  - 05:32:36.39] TSServer exited with code: 1
[Info  - 05:32:36.39] Using tsserver from: /Applications/Visual Studio Code.app/Contents/Resources/app/extensions/node_modules/typescript/lib
[Info  - 05:32:36.41] <syntax> Forking...
[Info  - 05:32:36.44] <syntax> Starting...
[Info  - 05:32:36.45] <semantic> Forking...
[Info  - 05:32:36.48] <semantic> Starting...
[Error  - 05:32:36.346] TSServer exited with code: 1
[Info  - 05:32:36.346] Using tsserver from: /Applications/Visual Studio Code.app/Contents/Resources/app/extensions/node_modules/typescript/lib
[Info  - 05:32:36.348] <syntax> Forking...
[Info  - 05:32:36.350] <syntax> Starting...
[Info  - 05:32:36.351] <semantic> Forking...
[Info  - 05:32:36.354] <semantic> Starting...
[Error  - 05:32:36.648] TSServer exited with code: 1
[Info  - 05:32:36.649] Using tsserver from: /Applications/Visual Studio Code.app/Contents/Resources/app/extensions/node_modules/typescript/lib
[Info  - 05:32:36.651] <syntax> Forking...
[Info  - 05:32:36.653] <syntax> Starting...
[Info  - 05:32:36.654] <semantic> Forking...
[Info  - 05:32:36.658] <semantic> Starting...
[Error  - 05:32:36.953] TSServer exited with code: 1
[Info  - 05:32:37.11] Using tsserver from: /Applications/Visual Studio Code.app/Contents/Resources/app/extensions/node_modules/typescript/lib
[Info  - 05:32:37.14] <syntax> Forking...
[Info  - 05:32:37.17] <syntax> Starting...
[Info  - 05:32:37.18] <semantic> Forking...
[Info  - 05:32:37.21] <semantic> Starting...
[Error  - 05:32:37.321] TSServer exited with code: 1
[Info  - 05:32:37.321] Using tsserver from: /Applications/Visual Studio Code.app/Contents/Resources/app/extensions/node_modules/typescript/lib
[Info  - 05:32:37.324] <syntax> Forking...
[Info  - 05:32:37.327] <syntax> Starting...
[Info  - 05:32:37.328] <semantic> Forking...
[Info  - 05:32:37.331] <semantic> Starting...
[Error  - 05:32:37.628] TSServer exited with code: 1
[Info  - 05:32:37.628] Using tsserver from: /Applications/Visual Studio Code.app/Contents/Resources/app/extensions/node_modules/typescript/lib
[Info  - 05:32:37.630] <syntax> Forking...
[Info  - 05:32:37.633] <syntax> Starting...
[Info  - 05:32:37.634] <semantic> Forking...
[Info  - 05:32:37.637] <semantic> Starting...
[Error  - 05:32:37.920] TSServer exited with code: 1
[Info  - 05:32:37.920] Using tsserver from: /Applications/Visual Studio Code.app/Contents/Resources/app/extensions/node_modules/typescript/lib
[Info  - 05:32:37.922] <syntax> Forking...
[Info  - 05:32:37.925] <syntax> Starting...
[Info  - 05:32:37.926] <semantic> Forking...
[Info  - 05:32:37.929] <semantic> Starting...
[Error  - 05:32:38.214] TSServer exited with code: 1
[Info  - 05:32:38.214] Using tsserver from: /Applications/Visual Studio Code.app/Contents/Resources/app/extensions/node_modules/typescript/lib
[Info  - 05:32:38.216] <syntax> Forking...
[Info  - 05:32:38.219] <syntax> Starting...
[Info  - 05:32:38.220] <semantic> Forking...
[Info  - 05:32:38.223] <semantic> Starting...
[Error  - 05:32:38.501] TSServer exited with code: 1
[Info  - 05:32:38.501] Using tsserver from: /Applications/Visual Studio Code.app/Contents/Resources/app/extensions/node_modules/typescript/lib
[Info  - 05:32:38.503] <syntax> Forking...
[Info  - 05:32:38.505] <syntax> Starting...
[Info  - 05:32:38.507] <semantic> Forking...
[Info  - 05:32:38.509] <semantic> Starting...
[Error  - 05:32:38.789] TSServer exited with code: 1
[Info  - 05:32:38.894] Using tsserver from: /Applications/Visual Studio Code.app/Contents/Resources/app/extensions/node_modules/typescript/lib
[Info  - 05:32:38.897] <syntax> Forking...
[Info  - 05:32:38.900] <syntax> Starting...
[Info  - 05:32:38.901] <semantic> Forking...
[Info  - 05:32:38.903] <semantic> Starting...
[Error  - 05:32:39.199] TSServer exited with code: 1
[Info  - 05:32:39.200] Using tsserver from: /Applications/Visual Studio Code.app/Contents/Resources/app/extensions/node_modules/typescript/lib
[Info  - 05:32:39.202] <syntax> Forking...
[Info  - 05:32:39.204] <syntax> Starting...
[Info  - 05:32:39.206] <semantic> Forking...
[Info  - 05:32:39.209] <semantic> Starting...
[Error  - 05:32:39.493] TSServer exited with code: 1
[Info  - 05:32:39.493] Using tsserver from: /Applications/Visual Studio Code.app/Contents/Resources/app/extensions/node_modules/typescript/lib
[Info  - 05:32:39.494] <syntax> Forking...
[Info  - 05:32:39.497] <syntax> Starting...
[Info  - 05:32:39.498] <semantic> Forking...
[Info  - 05:32:39.500] <semantic> Starting...
[Error  - 05:32:39.779] TSServer exited with code: 1
[Info  - 05:32:39.779] Using tsserver from: /Applications/Visual Studio Code.app/Contents/Resources/app/extensions/node_modules/typescript/lib
[Info  - 05:32:39.781] <syntax> Forking...
[Info  - 05:32:39.784] <syntax> Starting...
[Info  - 05:32:39.785] <semantic> Forking...
[Info  - 05:32:39.787] <semantic> Starting...
[Error  - 05:32:40.71] TSServer exited with code: 1
[Info  - 05:32:40.71] Using tsserver from: /Applications/Visual Studio Code.app/Contents/Resources/app/extensions/node_modules/typescript/lib
[Info  - 05:32:40.73] <syntax> Forking...
[Info  - 05:32:40.75] <syntax> Starting...
[Info  - 05:32:40.76] <semantic> Forking...
[Info  - 05:32:40.79] <semantic> Starting...
[Error  - 05:32:40.371] TSServer exited with code: 1
[Info  - 05:32:40.371] Using tsserver from: /Applications/Visual Studio Code.app/Contents/Resources/app/extensions/node_modules/typescript/lib
[Info  - 05:32:40.373] <syntax> Forking...
[Info  - 05:32:40.376] <syntax> Starting...
[Info  - 05:32:40.377] <semantic> Forking...
[Info  - 05:32:40.381] <semantic> Starting...
[Error  - 05:32:40.679] TSServer exited with code: 1
[Info  - 05:32:40.847] Using tsserver from: /Applications/Visual Studio Code.app/Contents/Resources/app/extensions/node_modules/typescript/lib
[Info  - 05:32:40.849] <syntax> Forking...
[Info  - 05:32:40.851] <syntax> Starting...
[Info  - 05:32:40.852] <semantic> Forking...
[Info  - 05:32:40.854] <semantic> Starting...
[Error  - 05:32:41.141] TSServer exited with code: 1
[Info  - 05:32:41.141] Using tsserver from: /Applications/Visual Studio Code.app/Contents/Resources/app/extensions/node_modules/typescript/lib
[Info  - 05:32:41.143] <syntax> Forking...
[Info  - 05:32:41.145] <syntax> Starting...
[Info  - 05:32:41.146] <semantic> Forking...
[Info  - 05:32:41.148] <semantic> Starting...
[Error  - 05:32:41.430] TSServer exited with code: 1
[Info  - 05:32:41.430] Using tsserver from: /Applications/Visual Studio Code.app/Contents/Resources/app/extensions/node_modules/typescript/lib
[Info  - 05:32:41.432] <syntax> Forking...
[Info  - 05:32:41.434] <syntax> Starting...
[Info  - 05:32:41.435] <semantic> Forking...
[Info  - 05:32:41.438] <semantic> Starting...
[Error  - 05:32:41.724] TSServer exited with code: 1
[Info  - 05:32:41.724] Using tsserver from: /Applications/Visual Studio Code.app/Contents/Resources/app/extensions/node_modules/typescript/lib
[Info  - 05:32:41.726] <syntax> Forking...
[Info  - 05:32:41.729] <syntax> Starting...
[Info  - 05:32:41.730] <semantic> Forking...
[Info  - 05:32:41.732] <semantic> Starting...
[Error  - 05:32:42.29] TSServer exited with code: 1
[Info  - 05:32:42.29] Using tsserver from: /Applications/Visual Studio Code.app/Contents/Resources/app/extensions/node_modules/typescript/lib
[Info  - 05:32:42.30] <syntax> Forking...
[Info  - 05:32:42.33] <syntax> Starting...
[Info  - 05:32:42.34] <semantic> Forking...
[Info  - 05:32:42.38] <semantic> Starting...
[Error  - 05:32:42.347] TSServer exited with code: 1
[Info  - 05:32:42.347] Using tsserver from: /Applications/Visual Studio Code.app/Contents/Resources/app/extensions/node_modules/typescript/lib
[Info  - 05:32:42.348] <syntax> Forking...
[Info  - 05:32:42.351] <syntax> Starting...
[Info  - 05:32:42.352] <semantic> Forking...
[Info  - 05:32:42.354] <semantic> Starting...
[Error  - 05:32:42.649] TSServer exited with code: 1
[Info  - 05:32:42.747] Using tsserver from: /Applications/Visual Studio Code.app/Contents/Resources/app/extensions/node_modules/typescript/lib
[Info  - 05:32:42.749] <syntax> Forking...
[Info  - 05:32:42.752] <syntax> Starting...
[Info  - 05:32:42.753] <semantic> Forking...
[Info  - 05:32:42.757] <semantic> Starting...
[Error  - 05:32:43.59] TSServer exited with code: 1
[Info  - 05:32:43.59] Using tsserver from: /Applications/Visual Studio Code.app/Contents/Resources/app/extensions/node_modules/typescript/lib
[Info  - 05:32:43.61] <syntax> Forking...
[Info  - 05:32:43.63] <syntax> Starting...
[Info  - 05:32:43.64] <semantic> Forking...
[Info  - 05:32:43.67] <semantic> Starting...
[Error  - 05:32:43.347] TSServer exited with code: 1
[Info  - 05:32:43.347] Using tsserver from: /Applications/Visual Studio Code.app/Contents/Resources/app/extensions/node_modules/typescript/lib
[Info  - 05:32:43.349] <syntax> Forking...
[Info  - 05:32:43.352] <syntax> Starting...
[Info  - 05:32:43.352] <semantic> Forking...
[Info  - 05:32:43.355] <semantic> Starting...
[Error  - 05:32:43.640] TSServer exited with code: 1
[Info  - 05:32:43.640] Using tsserver from: /Applications/Visual Studio Code.app/Contents/Resources/app/extensions/node_modules/typescript/lib
[Info  - 05:32:43.642] <syntax> Forking...
[Info  - 05:32:43.644] <syntax> Starting...
[Info  - 05:32:43.645] <semantic> Forking...
[Info  - 05:32:43.648] <semantic> Starting...
[Error  - 05:32:43.942] TSServer exited with code: 1
[Info  - 05:32:43.942] Using tsserver from: /Applications/Visual Studio Code.app/Contents/Resources/app/extensions/node_modules/typescript/lib
[Info  - 05:32:43.944] <syntax> Forking...
[Info  - 05:32:43.947] <syntax> Starting...
[Info  - 05:32:43.949] <semantic> Forking...
[Info  - 05:32:43.953] <semantic> Starting...
[Error  - 05:32:44.243] TSServer exited with code: 1
[Info  - 05:32:44.243] Using tsserver from: /Applications/Visual Studio Code.app/Contents/Resources/app/extensions/node_modules/typescript/lib
[Info  - 05:32:44.244] <syntax> Forking...
[Info  - 05:32:44.247] <syntax> Starting...
[Info  - 05:32:44.248] <semantic> Forking...
[Info  - 05:32:44.251] <semantic> Starting...
[Error  - 05:32:44.532] TSServer exited with code: 1
[Info  - 05:32:46.152] Using tsserver from: /Applications/Visual Studio Code.app/Contents/Resources/app/extensions/node_modules/typescript/lib
[Info  - 05:32:46.155] <syntax> Forking...
[Info  - 05:32:46.158] <syntax> Starting...
[Info  - 05:32:46.159] <semantic> Forking...
[Info  - 05:32:46.162] <semantic> Starting...
[Error  - 05:32:46.480] TSServer exited with code: 1
[Info  - 05:32:46.480] Using tsserver from: /Applications/Visual Studio Code.app/Contents/Resources/app/extensions/node_modules/typescript/lib
[Info  - 05:32:46.482] <syntax> Forking...
[Info  - 05:32:46.487] <syntax> Starting...
[Info  - 05:32:46.488] <semantic> Forking...
[Info  - 05:32:46.492] <semantic> Starting...
[Error  - 05:32:46.800] TSServer exited with code: 1
[Info  - 05:32:46.800] Using tsserver from: /Applications/Visual Studio Code.app/Contents/Resources/app/extensions/node_modules/typescript/lib
[Info  - 05:32:46.802] <syntax> Forking...
[Info  - 05:32:46.804] <syntax> Starting...
[Info  - 05:32:46.805] <semantic> Forking...
[Info  - 05:32:46.809] <semantic> Starting...
[Error  - 05:32:47.116] TSServer exited with code: 1
[Info  - 05:32:47.116] Using tsserver from: /Applications/Visual Studio Code.app/Contents/Resources/app/extensions/node_modules/typescript/lib
[Info  - 05:32:47.118] <syntax> Forking...
[Info  - 05:32:47.121] <syntax> Starting...
[Info  - 05:32:47.122] <semantic> Forking...
[Info  - 05:32:47.125] <semantic> Starting...
[Error  - 05:32:47.419] TSServer exited with code: 1
[Info  - 05:32:47.420] Using tsserver from: /Applications/Visual Studio Code.app/Contents/Resources/app/extensions/node_modules/typescript/lib
[Info  - 05:32:47.421] <syntax> Forking...
[Info  - 05:32:47.425] <syntax> Starting...
[Info  - 05:32:47.426] <semantic> Forking...
[Info  - 05:32:47.428] <semantic> Starting...
[Error  - 05:32:47.734] TSServer exited with code: 1
[Info  - 05:32:47.734] Using tsserver from: /Applications/Visual Studio Code.app/Contents/Resources/app/extensions/node_modules/typescript/lib
[Info  - 05:32:47.736] <syntax> Forking...
[Info  - 05:32:47.739] <syntax> Starting...
[Info  - 05:32:47.741] <semantic> Forking...
[Info  - 05:32:47.744] <semantic> Starting...
[Error  - 05:32:48.68] TSServer exited with code: 1
[Info  - 05:32:48.227] Using tsserver from: /Applications/Visual Studio Code.app/Contents/Resources/app/extensions/node_modules/typescript/lib
[Info  - 05:32:48.229] <syntax> Forking...
[Info  - 05:32:48.231] <syntax> Starting...
[Info  - 05:32:48.232] <semantic> Forking...
[Info  - 05:32:48.235] <semantic> Starting...
[Error  - 05:32:48.514] TSServer exited with code: 1
[Info  - 05:32:48.515] Using tsserver from: /Applications/Visual Studio Code.app/Contents/Resources/app/extensions/node_modules/typescript/lib
[Info  - 05:32:48.516] <syntax> Forking...
[Info  - 05:32:48.519] <syntax> Starting...
[Info  - 05:32:48.520] <semantic> Forking...
[Info  - 05:32:48.522] <semantic> Starting...
[Error  - 05:32:48.820] TSServer exited with code: 1
[Info  - 05:32:48.820] Using tsserver from: /Applications/Visual Studio Code.app/Contents/Resources/app/extensions/node_modules/typescript/lib
[Info  - 05:32:48.822] <syntax> Forking...
[Info  - 05:32:48.825] <syntax> Starting...
[Info  - 05:32:48.827] <semantic> Forking...
[Info  - 05:32:48.830] <semantic> Starting...
[Error  - 05:32:49.129] TSServer exited with code: 1
[Info  - 05:32:49.129] Using tsserver from: /Applications/Visual Studio Code.app/Contents/Resources/app/extensions/node_modules/typescript/lib
[Info  - 05:32:49.131] <syntax> Forking...
[Info  - 05:32:49.134] <syntax> Starting...
[Info  - 05:32:49.136] <semantic> Forking...
[Info  - 05:32:49.139] <semantic> Starting...
[Error  - 05:32:49.445] TSServer exited with code: 1
[Info  - 05:32:49.445] Using tsserver from: /Applications/Visual Studio Code.app/Contents/Resources/app/extensions/node_modules/typescript/lib
[Info  - 05:32:49.447] <syntax> Forking...
[Info  - 05:32:49.451] <syntax> Starting...
[Info  - 05:32:49.452] <semantic> Forking...
[Info  - 05:32:49.454] <semantic> Starting...
[Error  - 05:32:49.740] TSServer exited with code: 1
[Info  - 05:32:49.740] Using tsserver from: /Applications/Visual Studio Code.app/Contents/Resources/app/extensions/node_modules/typescript/lib
[Info  - 05:32:49.742] <syntax> Forking...
[Info  - 05:32:49.744] <syntax> Starting...
[Info  - 05:32:49.745] <semantic> Forking...
[Info  - 05:32:49.748] <semantic> Starting...
[Error  - 05:32:50.47] TSServer exited with code: 1
[Info  - 05:32:50.83] Using tsserver from: /Applications/Visual Studio Code.app/Contents/Resources/app/extensions/node_modules/typescript/lib
[Info  - 05:32:50.85] <syntax> Forking...
[Info  - 05:32:50.87] <syntax> Starting...
[Info  - 05:32:50.88] <semantic> Forking...
[Info  - 05:32:50.91] <semantic> Starting...
[Error  - 05:32:50.400] TSServer exited with code: 1
[Info  - 05:32:50.401] Using tsserver from: /Applications/Visual Studio Code.app/Contents/Resources/app/extensions/node_modules/typescript/lib
[Info  - 05:32:50.402] <syntax> Forking...
[Info  - 05:32:50.405] <syntax> Starting...
[Info  - 05:32:50.407] <semantic> Forking...
[Info  - 05:32:50.410] <semantic> Starting...
[Error  - 05:32:50.698] TSServer exited with code: 1
[Info  - 05:32:50.699] Using tsserver from: /Applications/Visual Studio Code.app/Contents/Resources/app/extensions/node_modules/typescript/lib
[Info  - 05:32:50.700] <syntax> Forking...
[Info  - 05:32:50.703] <syntax> Starting...
[Info  - 05:32:50.704] <semantic> Forking...
[Info  - 05:32:50.708] <semantic> Starting...
[Error  - 05:32:50.998] TSServer exited with code: 1
[Info  - 05:32:50.998] Using tsserver from: /Applications/Visual Studio Code.app/Contents/Resources/app/extensions/node_modules/typescript/lib
[Info  - 05:32:51.0] <syntax> Forking...
[Info  - 05:32:51.2] <syntax> Starting...
[Info  - 05:32:51.4] <semantic> Forking...
[Info  - 05:32:51.7] <semantic> Starting...
[Error  - 05:32:51.287] TSServer exited with code: 1
[Info  - 05:32:51.288] Using tsserver from: /Applications/Visual Studio Code.app/Contents/Resources/app/extensions/node_modules/typescript/lib
[Info  - 05:32:51.290] <syntax> Forking...
[Info  - 05:32:51.292] <syntax> Starting...
[Info  - 05:32:51.293] <semantic> Forking...
[Info  - 05:32:51.296] <semantic> Starting...
[Error  - 05:32:51.584] TSServer exited with code: 1
[Info  - 05:32:51.585] Using tsserver from: /Applications/Visual Studio Code.app/Contents/Resources/app/extensions/node_modules/typescript/lib
[Info  - 05:32:51.586] <syntax> Forking...
[Info  - 05:32:51.589] <syntax> Starting...
[Info  - 05:32:51.590] <semantic> Forking...
[Info  - 05:32:51.593] <semantic> Starting...
[Error  - 05:32:51.873] TSServer exited with code: 1
[Info  - 05:35:00.105] Using tsserver from: /Applications/Visual Studio Code.app/Contents/Resources/app/extensions/node_modules/typescript/lib
[Info  - 05:35:00.108] <syntax> Forking...
[Info  - 05:35:00.112] <syntax> Starting...
[Info  - 05:35:00.113] <semantic> Forking...
[Info  - 05:35:00.116] <semantic> Starting...
[Error  - 05:35:00.474] TSServer exited with code: 1
[Info  - 05:35:00.474] Using tsserver from: /Applications/Visual Studio Code.app/Contents/Resources/app/extensions/node_modules/typescript/lib
[Info  - 05:35:00.478] <syntax> Forking...
[Info  - 05:35:00.482] <syntax> Starting...
[Info  - 05:35:00.484] <semantic> Forking...
[Info  - 05:35:00.488] <semantic> Starting...
[Error  - 05:35:00.823] TSServer exited with code: 1
[Info  - 05:35:00.823] Using tsserver from: /Applications/Visual Studio Code.app/Contents/Resources/app/extensions/node_modules/typescript/lib
[Info  - 05:35:00.825] <syntax> Forking...
[Info  - 05:35:00.829] <syntax> Starting...
[Info  - 05:35:00.830] <semantic> Forking...
[Info  - 05:35:00.833] <semantic> Starting...
[Error  - 05:35:01.147] TSServer exited with code: 1
[Info  - 05:35:01.147] Using tsserver from: /Applications/Visual Studio Code.app/Contents/Resources/app/extensions/node_modules/typescript/lib
[Info  - 05:35:01.149] <syntax> Forking...
[Info  - 05:35:01.152] <syntax> Starting...
[Info  - 05:35:01.153] <semantic> Forking...
[Info  - 05:35:01.157] <semantic> Starting...
[Error  - 05:35:01.469] TSServer exited with code: 1
[Info  - 05:35:01.470] Using tsserver from: /Applications/Visual Studio Code.app/Contents/Resources/app/extensions/node_modules/typescript/lib
[Info  - 05:35:01.472] <syntax> Forking...
[Info  - 05:35:01.475] <syntax> Starting...
[Info  - 05:35:01.476] <semantic> Forking...
[Info  - 05:35:01.479] <semantic> Starting...
[Error  - 05:35:01.791] TSServer exited with code: 1
[Info  - 05:35:01.791] Using tsserver from: /Applications/Visual Studio Code.app/Contents/Resources/app/extensions/node_modules/typescript/lib
[Info  - 05:35:01.793] <syntax> Forking...
[Info  - 05:35:01.796] <syntax> Starting...
[Info  - 05:35:01.797] <semantic> Forking...
[Info  - 05:35:01.800] <semantic> Starting...
[Error  - 05:35:02.146] TSServer exited with code: 1
[Info  - 05:35:02.394] Using tsserver from: /Applications/Visual Studio Code.app/Contents/Resources/app/extensions/node_modules/typescript/lib
[Info  - 05:35:02.397] <syntax> Forking...
[Info  - 05:35:02.401] <syntax> Starting...
[Info  - 05:35:02.402] <semantic> Forking...
[Info  - 05:35:02.408] <semantic> Starting...
[Error  - 05:35:02.776] TSServer exited with code: 1
[Info  - 05:35:02.776] Using tsserver from: /Applications/Visual Studio Code.app/Contents/Resources/app/extensions/node_modules/typescript/lib
[Info  - 05:35:02.780] <syntax> Forking...
[Info  - 05:35:02.783] <syntax> Starting...
[Info  - 05:35:02.785] <semantic> Forking...
[Info  - 05:35:02.789] <semantic> Starting...
[Error  - 05:35:03.113] TSServer exited with code: 1
[Info  - 05:35:03.113] Using tsserver from: /Applications/Visual Studio Code.app/Contents/Resources/app/extensions/node_modules/typescript/lib
[Info  - 05:35:03.115] <syntax> Forking...
[Info  - 05:35:03.118] <syntax> Starting...
[Info  - 05:35:03.119] <semantic> Forking...
[Info  - 05:35:03.125] <semantic> Starting...
[Error  - 05:35:03.448] TSServer exited with code: 1
[Info  - 05:35:03.448] Using tsserver from: /Applications/Visual Studio Code.app/Contents/Resources/app/extensions/node_modules/typescript/lib
[Info  - 05:35:03.450] <syntax> Forking...
[Info  - 05:35:03.454] <syntax> Starting...
[Info  - 05:35:03.456] <semantic> Forking...
[Info  - 05:35:03.460] <semantic> Starting...
[Error  - 05:35:03.759] TSServer exited with code: 1
[Info  - 05:35:03.759] Using tsserver from: /Applications/Visual Studio Code.app/Contents/Resources/app/extensions/node_modules/typescript/lib
[Info  - 05:35:03.762] <syntax> Forking...
[Info  - 05:35:03.765] <syntax> Starting...
[Info  - 05:35:03.766] <semantic> Forking...
[Info  - 05:35:03.769] <semantic> Starting...
[Error  - 05:35:04.100] TSServer exited with code: 1
[Info  - 05:35:04.100] Using tsserver from: /Applications/Visual Studio Code.app/Contents/Resources/app/extensions/node_modules/typescript/lib
[Info  - 05:35:04.102] <syntax> Forking...
[Info  - 05:35:04.105] <syntax> Starting...
[Info  - 05:35:04.107] <semantic> Forking...
[Info  - 05:35:04.112] <semantic> Starting...
[Error  - 05:35:04.461] TSServer exited with code: 1
