Looking for git in: /usr/local/bin/git
Using git 2.13.4 from /usr/local/bin/git
> git rev-parse --show-toplevel
> git rev-parse --git-dir
Open repository: /Users/oscarfunes/Repositories/code-profiles
> git status -z -u
> git symbolic-ref --short HEAD
> git check-ignore -v -z --stdin
> git rev-parse master
> git rev-parse --symbolic-full-name master@{u}
> git rev-list --left-right master...refs/remotes/origin/master
> git for-each-ref --format %(refname) %(objectname) --sort -committerdate
> git remote --verbose
Failed to watch ref '/Users/oscarfunes/Repositories/code-profiles/.git/refs/remotes/origin/master', is most likely packed.
Error: ENOENT: no such file or directory, watch '/Users/oscarfunes/Repositories/code-profiles/.git/refs/remotes/origin/master'
	at FSWatcher.start (internal/fs/watchers.js:165:26)
	at Object.watch (fs.js:1270:11)
	at Object.t.watch (/Applications/Visual Studio Code.app/Contents/Resources/app/extensions/git/dist/main.js:1:596789)
	at E.updateTransientWatchers (/Applications/Visual Studio Code.app/Contents/Resources/app/extensions/git/dist/main.js:1:82747)
	at l.fire (/Applications/Visual Studio Code.app/Contents/Resources/app/out/vs/workbench/services/extensions/node/extensionHostProcess.js:48:865)
	at R.updateModelState (/Applications/Visual Studio Code.app/Contents/Resources/app/extensions/git/dist/main.js:1:101605)
> git config --get commit.template
> git status -z -u
> git symbolic-ref --short HEAD
> git rev-parse master
> git rev-parse --symbolic-full-name master@{u}
> git rev-list --left-right master...refs/remotes/origin/master
> git for-each-ref --format %(refname) %(objectname) --sort -committerdate
> git remote --verbose
Failed to watch ref '/Users/oscarfunes/Repositories/code-profiles/.git/refs/remotes/origin/master', is most likely packed.
Error: ENOENT: no such file or directory, watch '/Users/oscarfunes/Repositories/code-profiles/.git/refs/remotes/origin/master'
	at FSWatcher.start (internal/fs/watchers.js:165:26)
	at Object.watch (fs.js:1270:11)
	at Object.t.watch (/Applications/Visual Studio Code.app/Contents/Resources/app/extensions/git/dist/main.js:1:596789)
	at E.updateTransientWatchers (/Applications/Visual Studio Code.app/Contents/Resources/app/extensions/git/dist/main.js:1:82747)
	at l.fire (/Applications/Visual Studio Code.app/Contents/Resources/app/out/vs/workbench/services/extensions/node/extensionHostProcess.js:48:865)
	at R.updateModelState (/Applications/Visual Studio Code.app/Contents/Resources/app/extensions/git/dist/main.js:1:101605)
> git config --get commit.template
> git status -z -u
> git symbolic-ref --short HEAD
> git rev-parse master
> git rev-parse --symbolic-full-name master@{u}
> git rev-list --left-right master...refs/remotes/origin/master
> git for-each-ref --format %(refname) %(objectname) --sort -committerdate
> git remote --verbose
Failed to watch ref '/Users/oscarfunes/Repositories/code-profiles/.git/refs/remotes/origin/master', is most likely packed.
Error: ENOENT: no such file or directory, watch '/Users/oscarfunes/Repositories/code-profiles/.git/refs/remotes/origin/master'
	at FSWatcher.start (internal/fs/watchers.js:165:26)
	at Object.watch (fs.js:1270:11)
	at Object.t.watch (/Applications/Visual Studio Code.app/Contents/Resources/app/extensions/git/dist/main.js:1:596789)
	at E.updateTransientWatchers (/Applications/Visual Studio Code.app/Contents/Resources/app/extensions/git/dist/main.js:1:82747)
	at l.fire (/Applications/Visual Studio Code.app/Contents/Resources/app/out/vs/workbench/services/extensions/node/extensionHostProcess.js:48:865)
	at R.updateModelState (/Applications/Visual Studio Code.app/Contents/Resources/app/extensions/git/dist/main.js:1:101605)
> git config --get commit.template
> git status -z -u
> git symbolic-ref --short HEAD
> git rev-parse master
> git rev-parse --symbolic-full-name master@{u}
> git rev-list --left-right master...refs/remotes/origin/master
> git for-each-ref --format %(refname) %(objectname) --sort -committerdate
> git remote --verbose
Failed to watch ref '/Users/oscarfunes/Repositories/code-profiles/.git/refs/remotes/origin/master', is most likely packed.
Error: ENOENT: no such file or directory, watch '/Users/oscarfunes/Repositories/code-profiles/.git/refs/remotes/origin/master'
	at FSWatcher.start (internal/fs/watchers.js:165:26)
	at Object.watch (fs.js:1270:11)
	at Object.t.watch (/Applications/Visual Studio Code.app/Contents/Resources/app/extensions/git/dist/main.js:1:596789)
	at E.updateTransientWatchers (/Applications/Visual Studio Code.app/Contents/Resources/app/extensions/git/dist/main.js:1:82747)
	at l.fire (/Applications/Visual Studio Code.app/Contents/Resources/app/out/vs/workbench/services/extensions/node/extensionHostProcess.js:48:865)
	at R.updateModelState (/Applications/Visual Studio Code.app/Contents/Resources/app/extensions/git/dist/main.js:1:101605)
> git config --get commit.template
