[2020-03-18 23:08:42.593] [sharedprocess] [info] main {"machineId":"433a31a0a121c3e104d316d9368b9ec1d2fd2805feb4e9a41f31f5ef26f95d3f","windowId":2}
[2020-03-18 23:08:42.951] [sharedprocess] [info] Deleted from disk alefragnani.bookmarks /Users/oscarfunes/Repositories/code-profiles/egghead/exts/alefragnani.bookmarks-9.0.3
[2020-03-18 23:08:43.261] [sharedprocess] [info] Deleted from disk coenraads.bracket-pair-colorizer /Users/oscarfunes/Repositories/code-profiles/egghead/exts/coenraads.bracket-pair-colorizer-1.0.59
[2020-03-18 23:08:43.431] [sharedprocess] [info] Deleted from disk wallabyjs.quokka-vscode /Users/oscarfunes/Repositories/code-profiles/egghead/exts/wallabyjs.quokka-vscode-1.0.142
[2020-03-18 23:08:43.436] [sharedprocess] [info] Deleted from disk wallabyjs.wallaby-vscode /Users/oscarfunes/Repositories/code-profiles/egghead/exts/wallabyjs.wallaby-vscode-1.0.92
[2020-03-18 23:08:44.583] [sharedprocess] [info] Installing extension: alefragnani.bookmarks
[2020-03-18 23:08:44.584] [sharedprocess] [info] Installing extension: coenraads.bracket-pair-colorizer
[2020-03-18 23:08:44.584] [sharedprocess] [info] Installing extension: esbenp.prettier-vscode
[2020-03-18 23:08:44.584] [sharedprocess] [info] Installing extension: sdras.night-owl
[2020-03-18 23:08:44.585] [sharedprocess] [info] Installing extension: wallabyjs.quokka-vscode
[2020-03-18 23:08:44.585] [sharedprocess] [info] Installing extension: wallabyjs.wallaby-vscode
[2020-03-18 23:08:44.811] [sharedprocess] [info] Downloaded extension: wallabyjs.wallaby-vscode /var/folders/hm/lqmbtxys02xgdxqtvbzlqqdw0000gn/T/672af4d4-9ff1-408d-87d2-b4c42b322bfc
[2020-03-18 23:08:44.860] [sharedprocess] [info] Downloaded extension: coenraads.bracket-pair-colorizer /var/folders/hm/lqmbtxys02xgdxqtvbzlqqdw0000gn/T/d7f06886-502f-492a-88fa-837f9c18bb4c
[2020-03-18 23:08:45.130] [sharedprocess] [info] Downloaded extension: wallabyjs.quokka-vscode /var/folders/hm/lqmbtxys02xgdxqtvbzlqqdw0000gn/T/5f2e9cc6-4297-45c0-98de-af5739db865e
[2020-03-18 23:08:45.133] [sharedprocess] [info] Downloaded extension: alefragnani.bookmarks /var/folders/hm/lqmbtxys02xgdxqtvbzlqqdw0000gn/T/53717424-500b-4e8e-baf2-f0823dcb9d3f
[2020-03-18 23:08:45.156] [sharedprocess] [info] Downloaded extension: sdras.night-owl /var/folders/hm/lqmbtxys02xgdxqtvbzlqqdw0000gn/T/d84c14b2-107b-4ef5-9d8b-d7b0d14dd8c7
[2020-03-18 23:08:45.181] [sharedprocess] [info] Downloaded extension: esbenp.prettier-vscode /var/folders/hm/lqmbtxys02xgdxqtvbzlqqdw0000gn/T/f63e765f-26f4-41ea-a751-7309f9582172
[2020-03-18 23:08:45.526] [sharedprocess] [info] Extracted extension to /Users/oscarfunes/Repositories/code-profiles/egghead/exts/.sdras.night-owl-1.1.3: sdras.night-owl
[2020-03-18 23:08:45.527] [sharedprocess] [info] Renamed to /Users/oscarfunes/Repositories/code-profiles/egghead/exts/sdras.night-owl-1.1.3
[2020-03-18 23:08:45.527] [sharedprocess] [info] Extracted extension to /Users/oscarfunes/Repositories/code-profiles/egghead/exts/.alefragnani.bookmarks-11.0.0: alefragnani.bookmarks
[2020-03-18 23:08:45.527] [sharedprocess] [info] Renamed to /Users/oscarfunes/Repositories/code-profiles/egghead/exts/alefragnani.bookmarks-11.0.0
[2020-03-18 23:08:45.528] [sharedprocess] [info] Installation completed. sdras.night-owl
[2020-03-18 23:08:45.529] [sharedprocess] [info] Installation completed. alefragnani.bookmarks
[2020-03-18 23:08:45.587] [sharedprocess] [info] Extensions installed successfully: sdras.night-owl
[2020-03-18 23:08:45.624] [sharedprocess] [info] Extensions installed successfully: alefragnani.bookmarks
[2020-03-18 23:08:45.872] [sharedprocess] [info] Extracted extension to /Users/oscarfunes/Repositories/code-profiles/egghead/exts/.esbenp.prettier-vscode-3.20.0: esbenp.prettier-vscode
[2020-03-18 23:08:45.872] [sharedprocess] [info] Renamed to /Users/oscarfunes/Repositories/code-profiles/egghead/exts/esbenp.prettier-vscode-3.20.0
[2020-03-18 23:08:45.874] [sharedprocess] [info] Installation completed. esbenp.prettier-vscode
[2020-03-18 23:08:45.892] [sharedprocess] [info] Extensions installed successfully: esbenp.prettier-vscode
[2020-03-18 23:08:46.348] [sharedprocess] [info] Extracted extension to /Users/oscarfunes/Repositories/code-profiles/egghead/exts/.coenraads.bracket-pair-colorizer-1.0.61: coenraads.bracket-pair-colorizer
[2020-03-18 23:08:46.349] [sharedprocess] [info] Renamed to /Users/oscarfunes/Repositories/code-profiles/egghead/exts/coenraads.bracket-pair-colorizer-1.0.61
[2020-03-18 23:08:46.360] [sharedprocess] [info] Installation completed. coenraads.bracket-pair-colorizer
[2020-03-18 23:08:46.375] [sharedprocess] [info] Extensions installed successfully: coenraads.bracket-pair-colorizer
[2020-03-18 23:08:47.266] [sharedprocess] [info] Extracted extension to /Users/oscarfunes/Repositories/code-profiles/egghead/exts/.wallabyjs.wallaby-vscode-1.0.184: wallabyjs.wallaby-vscode
[2020-03-18 23:08:47.266] [sharedprocess] [info] Renamed to /Users/oscarfunes/Repositories/code-profiles/egghead/exts/wallabyjs.wallaby-vscode-1.0.184
[2020-03-18 23:08:47.269] [sharedprocess] [info] Installation completed. wallabyjs.wallaby-vscode
[2020-03-18 23:08:47.288] [sharedprocess] [info] Extensions installed successfully: wallabyjs.wallaby-vscode
[2020-03-18 23:08:48.410] [sharedprocess] [info] Extracted extension to /Users/oscarfunes/Repositories/code-profiles/egghead/exts/.wallabyjs.quokka-vscode-1.0.283: wallabyjs.quokka-vscode
[2020-03-18 23:08:48.410] [sharedprocess] [info] Renamed to /Users/oscarfunes/Repositories/code-profiles/egghead/exts/wallabyjs.quokka-vscode-1.0.283
[2020-03-18 23:08:48.412] [sharedprocess] [info] Installation completed. wallabyjs.quokka-vscode
[2020-03-18 23:08:48.435] [sharedprocess] [info] Extensions installed successfully: wallabyjs.quokka-vscode
[2020-03-18 23:09:22.623] [sharedprocess] [info] Starting to clean up unused language packs.
